23:50:36 **** Incremental Build of configuration Debug for project CommandQueue ****
make -j4 all 
Building file: ../src/main.c
Invoking: MCU GCC Compiler
C:\Users\hp\Desktop\RTOS\RTOS_workspace\CommandQueue\Debug
arm-none-eabi-gcc -mcpu=cortex-m4 -mthumb -mfloat-abi=hard -mfpu=fpv4-sp-d16 -DSTM32 -DSTM32F4 -DSTM32F407VGTx -DSTM32F407G_DISC1 -DDEBUG -DSTM32F40XX -DSTM32F40_41xxx -DUSE_STDPERIPH_DRIVER -I"C:/Users/hp/Desktop/RTOS/RTOS_workspace/CommandQueue/StdPeriph_Driver/inc" -I"C:/Users/hp/Desktop/RTOS/RTOS_workspace/CommandQueue/3rd_party/SEGGER/SEGGER" -I"C:/Users/hp/Desktop/RTOS/RTOS_workspace/CommandQueue/3rd_party/SEGGER/OS" -I"C:/Users/hp/Desktop/RTOS/RTOS_workspace/CommandQueue/3rd_party/SEGGER/Config" -I"C:/Users/hp/Desktop/RTOS/RTOS_workspace/CommandQueue/3rd_party/FreeRTOS/org/Source/include" -I"C:/Users/hp/Desktop/RTOS/RTOS_workspace/CommandQueue/3rd_party/FreeRTOS/org/Source/portable/GCC/ARM_CM4F" -I"C:/Users/hp/Desktop/RTOS/RTOS_workspace/CommandQueue/config" -I"C:/Users/hp/Desktop/RTOS/RTOS_workspace/CommandQueue/inc" -I"C:/Users/hp/Desktop/RTOS/RTOS_workspace/CommandQueue/CMSIS/device" -I"C:/Users/hp/Desktop/RTOS/RTOS_workspace/CommandQueue/CMSIS/core" -O0 -g3 -Wall -fmessage-length=0 -ffunction-sections -c -MMD -MP -MF"src/main.d" -MT"src/main.o" -o "src/main.o" "../src/main.c"
In file included from ../src/main.c:15:0:
C:/Users/hp/Desktop/RTOS/RTOS_workspace/CommandQueue/CMSIS/device/stm32f4xx.h:108:0: warning: "STM32F40_41xxx" redefined
   #define STM32F40_41xxx
 
<command-line>:0:0: note: this is the location of the previous definition
Finished building: ../src/main.c
 
Building target: CommandQueue.elf
Invoking: MCU GCC Linker
arm-none-eabi-gcc -mcpu=cortex-m4 -mthumb -mfloat-abi=hard -mfpu=fpv4-sp-d16 -T"C:/Users/hp/Desktop/RTOS/RTOS_workspace/CommandQueue/LinkerScript.ld" -Wl,-Map=output.map -Wl,--gc-sections -o "CommandQueue.elf" @"objects.list"   -lm
c:/ac6/systemworkbench/plugins/fr.ac6.mcu.externaltools.arm-none.win32_1.17.0.201812190825/tools/compiler/bin/../lib/gcc/arm-none-eabi/7.3.1/../../../../arm-none-eabi/lib/thumb/v7e-m/fpv4-sp/hard\libc.a(lib_a-sbrkr.o): In function `_sbrk_r':
sbrkr.c:(.text._sbrk_r+0xc): undefined reference to `_sbrk'
collect2.exe: error: ld returned 1 exit status
makefile:41: recipe for target 'CommandQueue.elf' failed
make: *** [CommandQueue.elf] Error 1

23:50:50 Build Finished (took 14s.54ms)

